Analysis & Synthesis report for keyboarToVGA
Wed Dec 01 02:29:06 2010
Quartus II Version 9.0 Build 235 06/17/2009 Service Pack 2 SJ Web Edition


---------------------
; Table of Contents ;
---------------------
  1. Legal Notice
  2. Analysis & Synthesis Summary
  3. Analysis & Synthesis Settings
  4. Analysis & Synthesis Messages



----------------
; Legal Notice ;
----------------
Copyright (C) 1991-2009 Altera Corporation
Your use of Altera Corporation's design tools, logic functions 
and other software and tools, and its AMPP partner logic 
functions, and any output files from any of the foregoing 
(including device programming or simulation files), and any 
associated documentation or information are expressly subject 
to the terms and conditions of the Altera Program License 
Subscription Agreement, Altera MegaCore Function License 
Agreement, or other applicable license agreement, including, 
without limitation, that your use is for the sole purpose of 
programming logic devices manufactured by Altera and sold by 
Altera or its authorized distributors.  Please refer to the 
applicable agreement for further details.



+-----------------------------------------------------------------------------------+
; Analysis & Synthesis Summary                                                      ;
+------------------------------------+----------------------------------------------+
; Analysis & Synthesis Status        ; Failed - Wed Dec 01 02:29:06 2010            ;
; Quartus II Version                 ; 9.0 Build 235 06/17/2009 SP 2 SJ Web Edition ;
; Revision Name                      ; keyboarToVGA                                 ;
; Top-level Entity Name              ; mainController                               ;
; Family                             ; Cyclone II                                   ;
; Total logic elements               ; N/A until Partition Merge                    ;
;     Total combinational functions  ; N/A until Partition Merge                    ;
;     Dedicated logic registers      ; N/A until Partition Merge                    ;
; Total registers                    ; N/A until Partition Merge                    ;
; Total pins                         ; N/A until Partition Merge                    ;
; Total virtual pins                 ; N/A until Partition Merge                    ;
; Total memory bits                  ; N/A until Partition Merge                    ;
; Embedded Multiplier 9-bit elements ; N/A until Partition Merge                    ;
; Total PLLs                         ; N/A until Partition Merge                    ;
+------------------------------------+----------------------------------------------+


+--------------------------------------------------------------------------------------------------------+
; Analysis & Synthesis Settings                                                                          ;
+--------------------------------------------------------------+--------------------+--------------------+
; Option                                                       ; Setting            ; Default Value      ;
+--------------------------------------------------------------+--------------------+--------------------+
; Device                                                       ; EP2C35F672I8       ;                    ;
; Top-level entity name                                        ; mainController     ; keyboarToVGA       ;
; Family name                                                  ; Cyclone II         ; Stratix II         ;
; Optimization Technique                                       ; Speed              ; Balanced           ;
; Type of Retiming Performed During Resynthesis                ; Full               ;                    ;
; Resynthesis Optimization Effort                              ; Normal             ;                    ;
; Physical Synthesis Level for Resynthesis                     ; Normal             ;                    ;
; Use Generated Physical Constraints File                      ; On                 ;                    ;
; Use smart compilation                                        ; Off                ; Off                ;
; Restructure Multiplexers                                     ; Auto               ; Auto               ;
; Create Debugging Nodes for IP Cores                          ; Off                ; Off                ;
; Preserve fewer node names                                    ; On                 ; On                 ;
; Disable OpenCore Plus hardware evaluation                    ; Off                ; Off                ;
; Verilog Version                                              ; Verilog_2001       ; Verilog_2001       ;
; VHDL Version                                                 ; VHDL93             ; VHDL93             ;
; State Machine Processing                                     ; Auto               ; Auto               ;
; Safe State Machine                                           ; Off                ; Off                ;
; Extract Verilog State Machines                               ; On                 ; On                 ;
; Extract VHDL State Machines                                  ; On                 ; On                 ;
; Ignore Verilog initial constructs                            ; Off                ; Off                ;
; Iteration limit for constant Verilog loops                   ; 5000               ; 5000               ;
; Iteration limit for non-constant Verilog loops               ; 250                ; 250                ;
; Add Pass-Through Logic to Inferred RAMs                      ; On                 ; On                 ;
; Parallel Synthesis                                           ; Off                ; Off                ;
; DSP Block Balancing                                          ; Auto               ; Auto               ;
; NOT Gate Push-Back                                           ; On                 ; On                 ;
; Power-Up Don't Care                                          ; On                 ; On                 ;
; Remove Redundant Logic Cells                                 ; Off                ; Off                ;
; Remove Duplicate Registers                                   ; On                 ; On                 ;
; Ignore CARRY Buffers                                         ; Off                ; Off                ;
; Ignore CASCADE Buffers                                       ; Off                ; Off                ;
; Ignore GLOBAL Buffers                                        ; Off                ; Off                ;
; Ignore ROW GLOBAL Buffers                                    ; Off                ; Off                ;
; Ignore LCELL Buffers                                         ; Off                ; Off                ;
; Ignore SOFT Buffers                                          ; On                 ; On                 ;
; Limit AHDL Integers to 32 Bits                               ; Off                ; Off                ;
; Carry Chain Length                                           ; 70                 ; 70                 ;
; Auto Carry Chains                                            ; On                 ; On                 ;
; Auto Open-Drain Pins                                         ; On                 ; On                 ;
; Perform WYSIWYG Primitive Resynthesis                        ; Off                ; Off                ;
; Auto ROM Replacement                                         ; On                 ; On                 ;
; Auto RAM Replacement                                         ; On                 ; On                 ;
; Auto Shift Register Replacement                              ; Auto               ; Auto               ;
; Auto Clock Enable Replacement                                ; On                 ; On                 ;
; Strict RAM Replacement                                       ; Off                ; Off                ;
; Allow Synchronous Control Signals                            ; On                 ; On                 ;
; Force Use of Synchronous Clear Signals                       ; Off                ; Off                ;
; Auto RAM to Logic Cell Conversion                            ; Off                ; Off                ;
; Auto Resource Sharing                                        ; Off                ; Off                ;
; Allow Any RAM Size For Recognition                           ; Off                ; Off                ;
; Allow Any ROM Size For Recognition                           ; Off                ; Off                ;
; Allow Any Shift Register Size For Recognition                ; Off                ; Off                ;
; Use LogicLock Constraints during Resource Balancing          ; On                 ; On                 ;
; Ignore translate_off and synthesis_off directives            ; Off                ; Off                ;
; Timing-Driven Synthesis                                      ; Off                ; Off                ;
; Show Parameter Settings Tables in Synthesis Report           ; On                 ; On                 ;
; Ignore Maximum Fan-Out Assignments                           ; Off                ; Off                ;
; Synchronization Register Chain Length                        ; 2                  ; 2                  ;
; PowerPlay Power Optimization                                 ; Normal compilation ; Normal compilation ;
; HDL message level                                            ; Level2             ; Level2             ;
; Suppress Register Optimization Related Messages              ; Off                ; Off                ;
; Number of Removed Registers Reported in Synthesis Report     ; 100                ; 100                ;
; Number of Inverted Registers Reported in Synthesis Report    ; 100                ; 100                ;
; Clock MUX Protection                                         ; On                 ; On                 ;
; Auto Gated Clock Conversion                                  ; Off                ; Off                ;
; Block Design Naming                                          ; Auto               ; Auto               ;
; SDC constraint protection                                    ; Off                ; Off                ;
; Synthesis Effort                                             ; Auto               ; Auto               ;
; Shift Register Replacement - Allow Asynchronous Clear Signal ; On                 ; On                 ;
; Analysis & Synthesis Message Level                           ; Medium             ; Medium             ;
+--------------------------------------------------------------+--------------------+--------------------+


+-------------------------------+
; Analysis & Synthesis Messages ;
+-------------------------------+
Info: *******************************************************************
Info: Running Quartus II Analysis & Synthesis
    Info: Version 9.0 Build 235 06/17/2009 Service Pack 2 SJ Web Edition
    Info: Processing started: Wed Dec 01 02:28:55 2010
Info: Command: quartus_map --read_settings_files=on --write_settings_files=off keyboarToVGA -c keyboarToVGA
Info: Found 2 design units, including 1 entities, in source file binToDeccimal.vhd
    Info: Found design unit 1: binaryToDeccimal-RTL
    Info: Found entity 1: binaryToDeccimal
Info: Found 2 design units, including 1 entities, in source file counter.vhdl
    Info: Found design unit 1: counter-RTL
    Info: Found entity 1: counter
Info: Found 2 design units, including 1 entities, in source file ctr.vhd
    Info: Found design unit 1: ctr-RTL
    Info: Found entity 1: ctr
Info: Found 2 design units, including 1 entities, in source file font_rom.vhd
    Info: Found design unit 1: font_rom-arch
    Info: Found entity 1: font_rom
Info: Found 2 design units, including 1 entities, in source file keyPS2controller.vhd
    Info: Found design unit 1: keyPS2controller-RTL
    Info: Found entity 1: keyPS2controller
Info: Found 2 design units, including 1 entities, in source file mainController.vhd
    Info: Found design unit 1: mainController-RTL
    Info: Found entity 1: mainController
Info: Found 2 design units, including 1 entities, in source file ram_dual.vhdl
    Info: Found design unit 1: ram_dual-RAM_dual_arch
    Info: Found entity 1: ram_dual
Info: Found 2 design units, including 1 entities, in source file vga_sync.vhd
    Info: Found design unit 1: vga_controller-Behavioral
    Info: Found entity 1: vga_controller
Info: Found 2 design units, including 1 entities, in source file vgaclock.vhd
    Info: Found design unit 1: vgaclock-SYN
    Info: Found entity 1: vgaclock
Error (10309): VHDL Interface Declaration error in keyPS2controller.vhd(102): interface object "data_ready" of mode out cannot be read. Change object mode to buffer. File: C:/Users/chouban/Desktop/lvp/tetrise 501/A13 final/keyboardToVga/keyPS2controller.vhd Line: 102
Error: Quartus II Analysis & Synthesis was unsuccessful. 1 error, 0 warnings
    Error: Peak virtual memory: 204 megabytes
    Error: Processing ended: Wed Dec 01 02:29:08 2010
    Error: Elapsed time: 00:00:13
    Error: Total CPU time (on all processors): 00:00:08


